{"meta":
{"format": 2, "version": "7.5.3", "timestamp": "2024-06-05T21:12:44.142825", "branch_coverage": false, "show_contexts": false},
  "files": {"tests/__init__.py": {"executed_lines": [0], "summary": {"covered_lines": 0, "num_statements": 0, "percent_covered": 100.0,
    "percent_covered_display": "100", "missing_lines": 0, "excluded_lines": 0}, "missing_lines": [], "excluded_lines": []}, "tests/test_bun.py":
  {"executed_lines": [1, 4, 6, 7, 9, 10, 12, 13, 14, 16, 17, 18], "summary": {"covered_lines": 12, "num_statements": 12,
    "percent_covered": 100.0, "percent_covered_display": "100", "missing_lines": 0, "excluded_lines": 0}, "missing_lines": [],
    "excluded_lines": []}, "tests/test_burger.py":
  {"executed_lines": [1, 3, 4, 5, 7, 8, 9, 10, 12, 13, 14, 15, 16, 17, 19, 20, 21, 22, 23, 24, 26, 27, 28, 29, 30, 31, 33, 34, 35, 36, 37, 44],
    "summary": {"covered_lines": 32, "num_statements": 32, "percent_covered": 100.0, "percent_covered_display": "100",
      "missing_lines": 0, "excluded_lines": 0}, "missing_lines": [], "excluded_lines": []}, "tests/test_database.py":
  {"executed_lines": [1, 2, 5, 7, 12, 13, 14, 15, 16, 17, 19, 27, 28, 29, 30, 31, 32, 33, 34], "summary":
  {"covered_lines": 19, "num_statements": 19, "percent_covered": 100.0, "percent_covered_display": "100", "missing_lines": 0,
    "excluded_lines": 0}, "missing_lines": [], "excluded_lines": []}, "tests/test_ingredient.py": {"executed_lines": [1, 3, 4, 6, 7, 9, 10],
    "summary": {"covered_lines": 7, "num_statements": 7, "percent_covered": 100.0, "percent_covered_display": "100",
      "missing_lines": 0, "excluded_lines": 0}, "missing_lines": [], "excluded_lines": []}}, "totals": {"covered_lines": 70,
  "num_statements": 70, "percent_covered": 100.0, "percent_covered_display": "100", "missing_lines": 0, "excluded_lines": 0}}